--------------- Clean Started: 07/30/2020 13:31:59 Project: esw_uCOS3_cykit, Configuration: ARM GCC 5.4-2016-q2-update Debug ---------------
Deleting file ".\CortexM3\ARM_GCC_541\Debug\app.o"
Deleting file ".\CortexM3\ARM_GCC_541\Debug\os_app_hooks.o"
Deleting file ".\CortexM3\ARM_GCC_541\Debug\bsp_os.o"
Deleting file ".\CortexM3\ARM_GCC_541\Debug\bsp.o"
Deleting file ".\CortexM3\ARM_GCC_541\Debug\cpu_bsp.o"
Deleting file ".\CortexM3\ARM_GCC_541\Debug\bsp_uart.o"
Deleting file ".\CortexM3\ARM_GCC_541\Debug\bsp_gpio.o"
Deleting file ".\CortexM3\ARM_GCC_541\Debug\bsp_spi.o"
Deleting file ".\CortexM3\ARM_GCC_541\Debug\cpu_a.o"
Deleting file ".\CortexM3\ARM_GCC_541\Debug\cpu_c.o"
Deleting file ".\CortexM3\ARM_GCC_541\Debug\cpu_core.o"
Deleting file ".\CortexM3\ARM_GCC_541\Debug\lib_math.o"
Deleting file ".\CortexM3\ARM_GCC_541\Debug\lib_mem.o"
Deleting file ".\CortexM3\ARM_GCC_541\Debug\lib_str.o"
Deleting file ".\CortexM3\ARM_GCC_541\Debug\lib_ascii.o"
Deleting file ".\CortexM3\ARM_GCC_541\Debug\os_cpu_a.o"
Deleting file ".\CortexM3\ARM_GCC_541\Debug\os_cpu_c.o"
Deleting file ".\CortexM3\ARM_GCC_541\Debug\os_pend_multi.o"
Deleting file ".\CortexM3\ARM_GCC_541\Debug\os_prio.o"
Deleting file ".\CortexM3\ARM_GCC_541\Debug\os_q.o"
Deleting file ".\CortexM3\ARM_GCC_541\Debug\os_sem.o"
Deleting file ".\CortexM3\ARM_GCC_541\Debug\os_stat.o"
Deleting file ".\CortexM3\ARM_GCC_541\Debug\os_task.o"
Deleting file ".\CortexM3\ARM_GCC_541\Debug\os_tick.o"
Deleting file ".\CortexM3\ARM_GCC_541\Debug\os_time.o"
Deleting file ".\CortexM3\ARM_GCC_541\Debug\os_tmr.o"
Deleting file ".\CortexM3\ARM_GCC_541\Debug\os_var.o"
Deleting file ".\CortexM3\ARM_GCC_541\Debug\os_cfg_app.o"
Deleting file ".\CortexM3\ARM_GCC_541\Debug\os_core.o"
Deleting file ".\CortexM3\ARM_GCC_541\Debug\os_dbg.o"
Deleting file ".\CortexM3\ARM_GCC_541\Debug\os_flag.o"
Deleting file ".\CortexM3\ARM_GCC_541\Debug\os_int.o"
Deleting file ".\CortexM3\ARM_GCC_541\Debug\os_mem.o"
Deleting file ".\CortexM3\ARM_GCC_541\Debug\os_msg.o"
Deleting file ".\CortexM3\ARM_GCC_541\Debug\os_mutex.o"
Deleting file ".\CortexM3\ARM_GCC_541\Debug\cyfitter_cfg.o"
Deleting file ".\CortexM3\ARM_GCC_541\Debug\cymetadata.o"
Deleting file ".\CortexM3\ARM_GCC_541\Debug\UART_1.o"
Deleting file ".\CortexM3\ARM_GCC_541\Debug\UART_1_PM.o"
Deleting file ".\CortexM3\ARM_GCC_541\Debug\UART_1_INT.o"
Deleting file ".\CortexM3\ARM_GCC_541\Debug\UART_1_BOOT.o"
Deleting file ".\CortexM3\ARM_GCC_541\Debug\Pin_1.o"
Deleting file ".\CortexM3\ARM_GCC_541\Debug\UART_1_IntClock.o"
Deleting file ".\CortexM3\ARM_GCC_541\Debug\cy_em_eeprom.o"
Deleting file ".\CortexM3\ARM_GCC_541\Debug\Cm3Start.o"
Deleting file ".\CortexM3\ARM_GCC_541\Debug\CyBootAsmGnu.o"
Deleting file ".\CortexM3\ARM_GCC_541\Debug\CyDmac.o"
Deleting file ".\CortexM3\ARM_GCC_541\Debug\CyFlash.o"
Deleting file ".\CortexM3\ARM_GCC_541\Debug\CyLib.o"
Deleting file ".\CortexM3\ARM_GCC_541\Debug\cyPm.o"
Deleting file ".\CortexM3\ARM_GCC_541\Debug\CySpc.o"
Deleting file ".\CortexM3\ARM_GCC_541\Debug\cyutils.o"
Deleting file ".\CortexM3\ARM_GCC_541\Debug\MISO_1.o"
Deleting file ".\CortexM3\ARM_GCC_541\Debug\MOSI_1.o"
Deleting file ".\CortexM3\ARM_GCC_541\Debug\SCLK_1.o"
Deleting file ".\CortexM3\ARM_GCC_541\Debug\SPIM_1.o"
Deleting file ".\CortexM3\ARM_GCC_541\Debug\SPIM_1_PM.o"
Deleting file ".\CortexM3\ARM_GCC_541\Debug\SPIM_1_INT.o"
Deleting file ".\CortexM3\ARM_GCC_541\Debug\CS_1.o"
Deleting file ".\CortexM3\ARM_GCC_541\Debug\SPIM_1_IntClock.o"
Deleting file ".\CortexM3\ARM_GCC_541\Debug\Pin_2.o"
Deleting file ".\CortexM3\ARM_GCC_541\Debug\push_button.o"
Deleting file ".\CortexM3\ARM_GCC_541\Debug\esw_uCOS3_cykit.hex"
Deleting file ".\CortexM3\ARM_GCC_541\Debug\esw_uCOS3_cykit.elf"
Deleting file ".\CortexM3\ARM_GCC_541\Debug\esw_uCOS3_cykit.map"
Deleting file ".\esw_uCOS3_cykit.cycdx"
Deleting file ".\esw_uCOS3_cykit.svd"
Deleting file ".\esw_uCOS3_cykit.rpt"
Deleting file ".\esw_uCOS3_cykit_timing.html"
Deleting file ".\CortexM3\ARM_GCC_541\Debug\.deps\SOURCE_C__ARM_GCC_GENERIC.P"
Deleting file ".\CortexM3\ARM_GCC_541\Debug\.deps\SOURCE_ASM__ARM_GCC_GENERIC.P"
--------------- Clean Succeeded: 07/30/2020 13:31:59 ---------------
