--------------- Rebuild Started: 10/06/2024 16:27:18 Project: esw_uCOS3_cykit, Configuration: ARM GCC 5.4-2016-q2-update Debug ---------------
Deleting file ".\CortexM3\ARM_GCC_541\Debug\app.o"
Deleting file ".\CortexM3\ARM_GCC_541\Debug\os_app_hooks.o"
Deleting file ".\CortexM3\ARM_GCC_541\Debug\bsp_os.o"
Deleting file ".\CortexM3\ARM_GCC_541\Debug\bsp.o"
Deleting file ".\CortexM3\ARM_GCC_541\Debug\cpu_bsp.o"
Deleting file ".\CortexM3\ARM_GCC_541\Debug\bsp_uart.o"
Deleting file ".\CortexM3\ARM_GCC_541\Debug\bsp_gpio.o"
Deleting file ".\CortexM3\ARM_GCC_541\Debug\bsp_spi.o"
Deleting file ".\CortexM3\ARM_GCC_541\Debug\bsp_rgb_led.o"
Deleting file ".\CortexM3\ARM_GCC_541\Debug\bsp_pwm_led.o"
Deleting file ".\CortexM3\ARM_GCC_541\Debug\cpu_a.o"
Deleting file ".\CortexM3\ARM_GCC_541\Debug\cpu_c.o"
Deleting file ".\CortexM3\ARM_GCC_541\Debug\cpu_core.o"
Deleting file ".\CortexM3\ARM_GCC_541\Debug\lib_math.o"
Deleting file ".\CortexM3\ARM_GCC_541\Debug\lib_mem.o"
Deleting file ".\CortexM3\ARM_GCC_541\Debug\lib_str.o"
Deleting file ".\CortexM3\ARM_GCC_541\Debug\lib_ascii.o"
Deleting file ".\CortexM3\ARM_GCC_541\Debug\os_cpu_a.o"
Deleting file ".\CortexM3\ARM_GCC_541\Debug\os_cpu_c.o"
Deleting file ".\CortexM3\ARM_GCC_541\Debug\os_pend_multi.o"
Deleting file ".\CortexM3\ARM_GCC_541\Debug\os_prio.o"
Deleting file ".\CortexM3\ARM_GCC_541\Debug\os_q.o"
Deleting file ".\CortexM3\ARM_GCC_541\Debug\os_sem.o"
Deleting file ".\CortexM3\ARM_GCC_541\Debug\os_stat.o"
Deleting file ".\CortexM3\ARM_GCC_541\Debug\os_task.o"
Deleting file ".\CortexM3\ARM_GCC_541\Debug\os_tick.o"
Deleting file ".\CortexM3\ARM_GCC_541\Debug\os_time.o"
Deleting file ".\CortexM3\ARM_GCC_541\Debug\os_tmr.o"
Deleting file ".\CortexM3\ARM_GCC_541\Debug\os_var.o"
Deleting file ".\CortexM3\ARM_GCC_541\Debug\os_cfg_app.o"
Deleting file ".\CortexM3\ARM_GCC_541\Debug\os_core.o"
Deleting file ".\CortexM3\ARM_GCC_541\Debug\os_dbg.o"
Deleting file ".\CortexM3\ARM_GCC_541\Debug\os_flag.o"
Deleting file ".\CortexM3\ARM_GCC_541\Debug\os_int.o"
Deleting file ".\CortexM3\ARM_GCC_541\Debug\os_mem.o"
Deleting file ".\CortexM3\ARM_GCC_541\Debug\os_msg.o"
Deleting file ".\CortexM3\ARM_GCC_541\Debug\os_mutex.o"
Deleting file ".\CortexM3\ARM_GCC_541\Debug\cyfitter_cfg.o"
Deleting file ".\CortexM3\ARM_GCC_541\Debug\cymetadata.o"
Deleting file ".\CortexM3\ARM_GCC_541\Debug\UART_1.o"
Deleting file ".\CortexM3\ARM_GCC_541\Debug\UART_1_PM.o"
Deleting file ".\CortexM3\ARM_GCC_541\Debug\UART_1_INT.o"
Deleting file ".\CortexM3\ARM_GCC_541\Debug\UART_1_BOOT.o"
Deleting file ".\CortexM3\ARM_GCC_541\Debug\Pin_1.o"
Deleting file ".\CortexM3\ARM_GCC_541\Debug\UART_1_IntClock.o"
Deleting file ".\CortexM3\ARM_GCC_541\Debug\cy_em_eeprom.o"
Deleting file ".\CortexM3\ARM_GCC_541\Debug\Cm3Start.o"
Deleting file ".\CortexM3\ARM_GCC_541\Debug\CyBootAsmGnu.o"
Deleting file ".\CortexM3\ARM_GCC_541\Debug\CyDmac.o"
Deleting file ".\CortexM3\ARM_GCC_541\Debug\CyFlash.o"
Deleting file ".\CortexM3\ARM_GCC_541\Debug\CyLib.o"
Deleting file ".\CortexM3\ARM_GCC_541\Debug\cyPm.o"
Deleting file ".\CortexM3\ARM_GCC_541\Debug\CySpc.o"
Deleting file ".\CortexM3\ARM_GCC_541\Debug\cyutils.o"
Deleting file ".\CortexM3\ARM_GCC_541\Debug\MISO_1.o"
Deleting file ".\CortexM3\ARM_GCC_541\Debug\MOSI_1.o"
Deleting file ".\CortexM3\ARM_GCC_541\Debug\SCLK_1.o"
Deleting file ".\CortexM3\ARM_GCC_541\Debug\SPIM_1.o"
Deleting file ".\CortexM3\ARM_GCC_541\Debug\SPIM_1_PM.o"
Deleting file ".\CortexM3\ARM_GCC_541\Debug\SPIM_1_INT.o"
Deleting file ".\CortexM3\ARM_GCC_541\Debug\CS_1.o"
Deleting file ".\CortexM3\ARM_GCC_541\Debug\SPIM_1_IntClock.o"
Deleting file ".\CortexM3\ARM_GCC_541\Debug\Pin_2.o"
Deleting file ".\CortexM3\ARM_GCC_541\Debug\push_button.o"
Deleting file ".\CortexM3\ARM_GCC_541\Debug\PWM_rgb_blue.o"
Deleting file ".\CortexM3\ARM_GCC_541\Debug\PWM_rgb_blue_PM.o"
Deleting file ".\CortexM3\ARM_GCC_541\Debug\PWM_rgb_green.o"
Deleting file ".\CortexM3\ARM_GCC_541\Debug\PWM_rgb_green_PM.o"
Deleting file ".\CortexM3\ARM_GCC_541\Debug\PWM_rgb_red.o"
Deleting file ".\CortexM3\ARM_GCC_541\Debug\PWM_rgb_red_PM.o"
Deleting file ".\CortexM3\ARM_GCC_541\Debug\Clock_1.o"
Deleting file ".\CortexM3\ARM_GCC_541\Debug\rgb_led_blue.o"
Deleting file ".\CortexM3\ARM_GCC_541\Debug\rgb_led_green.o"
Deleting file ".\CortexM3\ARM_GCC_541\Debug\rgb_led_red.o"
Deleting file ".\CortexM3\ARM_GCC_541\Debug\esw_uCOS3_cykit.hex"
Deleting file ".\CortexM3\ARM_GCC_541\Debug\esw_uCOS3_cykit.elf"
Deleting file ".\CortexM3\ARM_GCC_541\Debug\esw_uCOS3_cykit.map"
Deleting file ".\esw_uCOS3_cykit.cycdx"
Deleting file ".\esw_uCOS3_cykit.svd"
Deleting file ".\esw_uCOS3_cykit.rpt"
Deleting file ".\esw_uCOS3_cykit_timing.html"
Deleting file ".\CortexM3\ARM_GCC_541\Debug\.deps\SOURCE_C__ARM_GCC_GENERIC.P"
Deleting file ".\CortexM3\ARM_GCC_541\Debug\.deps\SOURCE_ASM__ARM_GCC_GENERIC.P"
cydsfit.exe -.appdatapath "C:\Users\lukas\AppData\Local\Cypress Semiconductor\PSoC Creator\4.4" -.fdsnotice -.fdswarpdepfile=warp_dependencies.txt -.fdselabdepfile=elab_dependencies.txt -.fdsbldfile=generated_files.txt -.fdsreffile=referenced_files.txt -p C:\Users\lukas\Desktop\FH\Master_WS2024\Software\esw_uCOS3_cykit.cydsn\esw_uCOS3_cykit.cyprj -d CY8C5888LTI-LP097 -s C:\Users\lukas\Desktop\FH\Master_WS2024\Software\esw_uCOS3_cykit.cydsn\Generated_Source\PSoC5 -- -yv2 -q10 -ygs -o2 -v3 -.fftcfgtype=LE
Elaborating Design...
HDL Generation...
Synthesis...
Tech Mapping...
ADD: pft.M0040: information: The following 2 pin(s) will be assigned a location by the fitter: Pin_2(0), Pin_2(1)
Analog Placement...
Analog Routing...
Analog Code Generation...
Digital Placement...
Digital Routing...
Bitstream Generation...
Bitstream Verification...
Static timing analysis...
API Generation...
Dependency Generation...
Cleanup...
arm-none-eabi-gcc.exe -mcpu=cortex-m3 -mthumb -I.\APP -I.\BSP -I.\BSP\OS\uCOS-III -I.\uC-CPU -I.\uC-CPU\ARM-Cortex-M3\GNU -I.\uC-LIB -I.\uCOS-III\Source -I.\uCOS-III\Ports\ARM-Cortex-M3\Generic\GNU -I.\uCOS-III\Lib\ARM-Cortex-M3\PSoC_GNU -I. -IGenerated_Source\PSoC5 -Wa,-alh=.\CortexM3\ARM_GCC_541\Debug/app.lst -g -D DEBUG -D CY_CORE_ID=0 -Wall -ffunction-sections -ffat-lto-objects -Og -c APP\app.c -o .\CortexM3\ARM_GCC_541\Debug\app.o
APP\app.c: In function 'App_TaskBUTTON':
APP\app.c:397:22: warning: variable 'button_pressed' set but not used [-Wunused-but-set-variable]
   static CPU_BOOLEAN button_pressed = 0;
                      ^
arm-none-eabi-gcc.exe -mcpu=cortex-m3 -mthumb -I.\APP -I.\BSP -I.\BSP\OS\uCOS-III -I.\uC-CPU -I.\uC-CPU\ARM-Cortex-M3\GNU -I.\uC-LIB -I.\uCOS-III\Source -I.\uCOS-III\Ports\ARM-Cortex-M3\Generic\GNU -I.\uCOS-III\Lib\ARM-Cortex-M3\PSoC_GNU -I. -IGenerated_Source\PSoC5 -Wa,-alh=.\CortexM3\ARM_GCC_541\Debug/os_app_hooks.lst -g -D DEBUG -D CY_CORE_ID=0 -Wall -ffunction-sections -ffat-lto-objects -Og -c APP\os_app_hooks.c -o .\CortexM3\ARM_GCC_541\Debug\os_app_hooks.o
arm-none-eabi-gcc.exe -mcpu=cortex-m3 -mthumb -I.\APP -I.\BSP -I.\BSP\OS\uCOS-III -I.\uC-CPU -I.\uC-CPU\ARM-Cortex-M3\GNU -I.\uC-LIB -I.\uCOS-III\Source -I.\uCOS-III\Ports\ARM-Cortex-M3\Generic\GNU -I.\uCOS-III\Lib\ARM-Cortex-M3\PSoC_GNU -I. -IGenerated_Source\PSoC5 -Wa,-alh=.\CortexM3\ARM_GCC_541\Debug/bsp_os.lst -g -D DEBUG -D CY_CORE_ID=0 -Wall -ffunction-sections -ffat-lto-objects -Og -c BSP\OS\uCOS-III\bsp_os.c -o .\CortexM3\ARM_GCC_541\Debug\bsp_os.o
arm-none-eabi-gcc.exe -mcpu=cortex-m3 -mthumb -I.\APP -I.\BSP -I.\BSP\OS\uCOS-III -I.\uC-CPU -I.\uC-CPU\ARM-Cortex-M3\GNU -I.\uC-LIB -I.\uCOS-III\Source -I.\uCOS-III\Ports\ARM-Cortex-M3\Generic\GNU -I.\uCOS-III\Lib\ARM-Cortex-M3\PSoC_GNU -I. -IGenerated_Source\PSoC5 -Wa,-alh=.\CortexM3\ARM_GCC_541\Debug/bsp.lst -g -D DEBUG -D CY_CORE_ID=0 -Wall -ffunction-sections -ffat-lto-objects -Og -c BSP\bsp.c -o .\CortexM3\ARM_GCC_541\Debug\bsp.o
In file included from BSP\bsp.c:39:0:
./bsp_uart.h:17:19: warning: 'Start_of_Packet' defined but not used [-Wunused-variable]
 static CPU_INT08U Start_of_Packet = '#';
                   ^
./bsp_uart.h:18:19: warning: 'End_of_Packet' defined but not used [-Wunused-variable]
 static CPU_INT08U End_of_Packet = '$';
                   ^
arm-none-eabi-gcc.exe -mcpu=cortex-m3 -mthumb -I.\APP -I.\BSP -I.\BSP\OS\uCOS-III -I.\uC-CPU -I.\uC-CPU\ARM-Cortex-M3\GNU -I.\uC-LIB -I.\uCOS-III\Source -I.\uCOS-III\Ports\ARM-Cortex-M3\Generic\GNU -I.\uCOS-III\Lib\ARM-Cortex-M3\PSoC_GNU -I. -IGenerated_Source\PSoC5 -Wa,-alh=.\CortexM3\ARM_GCC_541\Debug/cpu_bsp.lst -g -D DEBUG -D CY_CORE_ID=0 -Wall -ffunction-sections -ffat-lto-objects -Og -c BSP\cpu_bsp.c -o .\CortexM3\ARM_GCC_541\Debug\cpu_bsp.o
arm-none-eabi-gcc.exe -mcpu=cortex-m3 -mthumb -I.\APP -I.\BSP -I.\BSP\OS\uCOS-III -I.\uC-CPU -I.\uC-CPU\ARM-Cortex-M3\GNU -I.\uC-LIB -I.\uCOS-III\Source -I.\uCOS-III\Ports\ARM-Cortex-M3\Generic\GNU -I.\uCOS-III\Lib\ARM-Cortex-M3\PSoC_GNU -I. -IGenerated_Source\PSoC5 -Wa,-alh=.\CortexM3\ARM_GCC_541\Debug/bsp_uart.lst -g -D DEBUG -D CY_CORE_ID=0 -Wall -ffunction-sections -ffat-lto-objects -Og -c bsp_uart.c -o .\CortexM3\ARM_GCC_541\Debug\bsp_uart.o
In file included from bsp_uart.c:13:0:
./bsp_uart.h:17:19: warning: 'Start_of_Packet' defined but not used [-Wunused-variable]
 static CPU_INT08U Start_of_Packet = '#';
                   ^
./bsp_uart.h:18:19: warning: 'End_of_Packet' defined but not used [-Wunused-variable]
 static CPU_INT08U End_of_Packet = '$';
                   ^
arm-none-eabi-gcc.exe -mcpu=cortex-m3 -mthumb -I.\APP -I.\BSP -I.\BSP\OS\uCOS-III -I.\uC-CPU -I.\uC-CPU\ARM-Cortex-M3\GNU -I.\uC-LIB -I.\uCOS-III\Source -I.\uCOS-III\Ports\ARM-Cortex-M3\Generic\GNU -I.\uCOS-III\Lib\ARM-Cortex-M3\PSoC_GNU -I. -IGenerated_Source\PSoC5 -Wa,-alh=.\CortexM3\ARM_GCC_541\Debug/bsp_gpio.lst -g -D DEBUG -D CY_CORE_ID=0 -Wall -ffunction-sections -ffat-lto-objects -Og -c bsp_gpio.c -o .\CortexM3\ARM_GCC_541\Debug\bsp_gpio.o
arm-none-eabi-gcc.exe -mcpu=cortex-m3 -mthumb -I.\APP -I.\BSP -I.\BSP\OS\uCOS-III -I.\uC-CPU -I.\uC-CPU\ARM-Cortex-M3\GNU -I.\uC-LIB -I.\uCOS-III\Source -I.\uCOS-III\Ports\ARM-Cortex-M3\Generic\GNU -I.\uCOS-III\Lib\ARM-Cortex-M3\PSoC_GNU -I. -IGenerated_Source\PSoC5 -Wa,-alh=.\CortexM3\ARM_GCC_541\Debug/bsp_spi.lst -g -D DEBUG -D CY_CORE_ID=0 -Wall -ffunction-sections -ffat-lto-objects -Og -c bsp_spi.c -o .\CortexM3\ARM_GCC_541\Debug\bsp_spi.o
arm-none-eabi-gcc.exe -mcpu=cortex-m3 -mthumb -I.\APP -I.\BSP -I.\BSP\OS\uCOS-III -I.\uC-CPU -I.\uC-CPU\ARM-Cortex-M3\GNU -I.\uC-LIB -I.\uCOS-III\Source -I.\uCOS-III\Ports\ARM-Cortex-M3\Generic\GNU -I.\uCOS-III\Lib\ARM-Cortex-M3\PSoC_GNU -I. -IGenerated_Source\PSoC5 -Wa,-alh=.\CortexM3\ARM_GCC_541\Debug/bsp_rgb_led.lst -g -D DEBUG -D CY_CORE_ID=0 -Wall -ffunction-sections -ffat-lto-objects -Og -c bsp_rgb_led.c -o .\CortexM3\ARM_GCC_541\Debug\bsp_rgb_led.o
arm-none-eabi-gcc.exe -mcpu=cortex-m3 -mthumb -I.\APP -I.\BSP -I.\BSP\OS\uCOS-III -I.\uC-CPU -I.\uC-CPU\ARM-Cortex-M3\GNU -I.\uC-LIB -I.\uCOS-III\Source -I.\uCOS-III\Ports\ARM-Cortex-M3\Generic\GNU -I.\uCOS-III\Lib\ARM-Cortex-M3\PSoC_GNU -I. -IGenerated_Source\PSoC5 -Wa,-alh=.\CortexM3\ARM_GCC_541\Debug/bsp_pwm_led.lst -g -D DEBUG -D CY_CORE_ID=0 -Wall -ffunction-sections -ffat-lto-objects -Og -c bsp_pwm_led.c -o .\CortexM3\ARM_GCC_541\Debug\bsp_pwm_led.o
arm-none-eabi-gcc.exe -mcpu=cortex-m3 -mthumb -I.\APP -I.\BSP -I.\BSP\OS\uCOS-III -I.\uC-CPU -I.\uC-CPU\ARM-Cortex-M3\GNU -I.\uC-LIB -I.\uCOS-III\Source -I.\uCOS-III\Ports\ARM-Cortex-M3\Generic\GNU -I.\uCOS-III\Lib\ARM-Cortex-M3\PSoC_GNU -I. -IGenerated_Source\PSoC5 -Wa,-alh=.\CortexM3\ARM_GCC_541\Debug/cpu_c.lst -g -D DEBUG -D CY_CORE_ID=0 -Wall -ffunction-sections -ffat-lto-objects -Og -c uC-CPU\ARM-Cortex-M3\GNU\cpu_c.c -o .\CortexM3\ARM_GCC_541\Debug\cpu_c.o
arm-none-eabi-gcc.exe -mcpu=cortex-m3 -mthumb -I.\APP -I.\BSP -I.\BSP\OS\uCOS-III -I.\uC-CPU -I.\uC-CPU\ARM-Cortex-M3\GNU -I.\uC-LIB -I.\uCOS-III\Source -I.\uCOS-III\Ports\ARM-Cortex-M3\Generic\GNU -I.\uCOS-III\Lib\ARM-Cortex-M3\PSoC_GNU -I. -IGenerated_Source\PSoC5 -Wa,-alh=.\CortexM3\ARM_GCC_541\Debug/cpu_core.lst -g -D DEBUG -D CY_CORE_ID=0 -Wall -ffunction-sections -ffat-lto-objects -Og -c uC-CPU\cpu_core.c -o .\CortexM3\ARM_GCC_541\Debug\cpu_core.o
arm-none-eabi-gcc.exe -mcpu=cortex-m3 -mthumb -I.\APP -I.\BSP -I.\BSP\OS\uCOS-III -I.\uC-CPU -I.\uC-CPU\ARM-Cortex-M3\GNU -I.\uC-LIB -I.\uCOS-III\Source -I.\uCOS-III\Ports\ARM-Cortex-M3\Generic\GNU -I.\uCOS-III\Lib\ARM-Cortex-M3\PSoC_GNU -I. -IGenerated_Source\PSoC5 -Wa,-alh=.\CortexM3\ARM_GCC_541\Debug/lib_math.lst -g -D DEBUG -D CY_CORE_ID=0 -Wall -ffunction-sections -ffat-lto-objects -Og -c uC-LIB\lib_math.c -o .\CortexM3\ARM_GCC_541\Debug\lib_math.o
arm-none-eabi-gcc.exe -mcpu=cortex-m3 -mthumb -I.\APP -I.\BSP -I.\BSP\OS\uCOS-III -I.\uC-CPU -I.\uC-CPU\ARM-Cortex-M3\GNU -I.\uC-LIB -I.\uCOS-III\Source -I.\uCOS-III\Ports\ARM-Cortex-M3\Generic\GNU -I.\uCOS-III\Lib\ARM-Cortex-M3\PSoC_GNU -I. -IGenerated_Source\PSoC5 -Wa,-alh=.\CortexM3\ARM_GCC_541\Debug/lib_mem.lst -g -D DEBUG -D CY_CORE_ID=0 -Wall -ffunction-sections -ffat-lto-objects -Og -c uC-LIB\lib_mem.c -o .\CortexM3\ARM_GCC_541\Debug\lib_mem.o
arm-none-eabi-gcc.exe -mcpu=cortex-m3 -mthumb -I.\APP -I.\BSP -I.\BSP\OS\uCOS-III -I.\uC-CPU -I.\uC-CPU\ARM-Cortex-M3\GNU -I.\uC-LIB -I.\uCOS-III\Source -I.\uCOS-III\Ports\ARM-Cortex-M3\Generic\GNU -I.\uCOS-III\Lib\ARM-Cortex-M3\PSoC_GNU -I. -IGenerated_Source\PSoC5 -Wa,-alh=.\CortexM3\ARM_GCC_541\Debug/lib_str.lst -g -D DEBUG -D CY_CORE_ID=0 -Wall -ffunction-sections -ffat-lto-objects -Og -c uC-LIB\lib_str.c -o .\CortexM3\ARM_GCC_541\Debug\lib_str.o
uC-LIB\lib_str.c: In function 'Str_FmtNbr_Int32':
uC-LIB\lib_str.c:3614:51: warning: 'lead_char_0' may be used uninitialized in this function [-Wmaybe-uninitialized]
                        (nbr_neg_fmtd == DEF_NO )) ||            /* ... but neg sign NOT yet fmt'd  OR           ...     */
                                                   ^
uC-LIB\lib_str.c:3586:14: warning: 'nbr_dig_fmtd' may be used uninitialized in this function [-Wmaybe-uninitialized]
     pstr_fmt += nbr_dig_fmtd;                                   /* Start fmt @ least-sig dig.                           */
              ^
uC-LIB\lib_str.c:3610:25: warning: 'nbr_fmt' may be used uninitialized in this function [-Wmaybe-uninitialized]
                 nbr_fmt /= nbr_base;                            /* Shift to next more-sig dig.                          */
                         ^
arm-none-eabi-gcc.exe -mcpu=cortex-m3 -mthumb -I.\APP -I.\BSP -I.\BSP\OS\uCOS-III -I.\uC-CPU -I.\uC-CPU\ARM-Cortex-M3\GNU -I.\uC-LIB -I.\uCOS-III\Source -I.\uCOS-III\Ports\ARM-Cortex-M3\Generic\GNU -I.\uCOS-III\Lib\ARM-Cortex-M3\PSoC_GNU -I. -IGenerated_Source\PSoC5 -Wa,-alh=.\CortexM3\ARM_GCC_541\Debug/lib_ascii.lst -g -D DEBUG -D CY_CORE_ID=0 -Wall -ffunction-sections -ffat-lto-objects -Og -c uC-LIB\lib_ascii.c -o .\CortexM3\ARM_GCC_541\Debug\lib_ascii.o
arm-none-eabi-gcc.exe -mcpu=cortex-m3 -mthumb -I.\APP -I.\BSP -I.\BSP\OS\uCOS-III -I.\uC-CPU -I.\uC-CPU\ARM-Cortex-M3\GNU -I.\uC-LIB -I.\uCOS-III\Source -I.\uCOS-III\Ports\ARM-Cortex-M3\Generic\GNU -I.\uCOS-III\Lib\ARM-Cortex-M3\PSoC_GNU -I. -IGenerated_Source\PSoC5 -Wa,-alh=.\CortexM3\ARM_GCC_541\Debug/os_cpu_c.lst -g -D DEBUG -D CY_CORE_ID=0 -Wall -ffunction-sections -ffat-lto-objects -Og -c uCOS-III\Ports\ARM-Cortex-M3\Generic\GNU\os_cpu_c.c -o .\CortexM3\ARM_GCC_541\Debug\os_cpu_c.o
arm-none-eabi-gcc.exe -mcpu=cortex-m3 -mthumb -I.\APP -I.\BSP -I.\BSP\OS\uCOS-III -I.\uC-CPU -I.\uC-CPU\ARM-Cortex-M3\GNU -I.\uC-LIB -I.\uCOS-III\Source -I.\uCOS-III\Ports\ARM-Cortex-M3\Generic\GNU -I.\uCOS-III\Lib\ARM-Cortex-M3\PSoC_GNU -I. -IGenerated_Source\PSoC5 -Wa,-alh=.\CortexM3\ARM_GCC_541\Debug/os_pend_multi.lst -g -D DEBUG -D CY_CORE_ID=0 -Wall -ffunction-sections -ffat-lto-objects -Og -c uCOS-III\Source\os_pend_multi.c -o .\CortexM3\ARM_GCC_541\Debug\os_pend_multi.o
arm-none-eabi-gcc.exe -mcpu=cortex-m3 -mthumb -I.\APP -I.\BSP -I.\BSP\OS\uCOS-III -I.\uC-CPU -I.\uC-CPU\ARM-Cortex-M3\GNU -I.\uC-LIB -I.\uCOS-III\Source -I.\uCOS-III\Ports\ARM-Cortex-M3\Generic\GNU -I.\uCOS-III\Lib\ARM-Cortex-M3\PSoC_GNU -I. -IGenerated_Source\PSoC5 -Wa,-alh=.\CortexM3\ARM_GCC_541\Debug/os_prio.lst -g -D DEBUG -D CY_CORE_ID=0 -Wall -ffunction-sections -ffat-lto-objects -Og -c uCOS-III\Source\os_prio.c -o .\CortexM3\ARM_GCC_541\Debug\os_prio.o
arm-none-eabi-gcc.exe -mcpu=cortex-m3 -mthumb -I.\APP -I.\BSP -I.\BSP\OS\uCOS-III -I.\uC-CPU -I.\uC-CPU\ARM-Cortex-M3\GNU -I.\uC-LIB -I.\uCOS-III\Source -I.\uCOS-III\Ports\ARM-Cortex-M3\Generic\GNU -I.\uCOS-III\Lib\ARM-Cortex-M3\PSoC_GNU -I. -IGenerated_Source\PSoC5 -Wa,-alh=.\CortexM3\ARM_GCC_541\Debug/os_q.lst -g -D DEBUG -D CY_CORE_ID=0 -Wall -ffunction-sections -ffat-lto-objects -Og -c uCOS-III\Source\os_q.c -o .\CortexM3\ARM_GCC_541\Debug\os_q.o
arm-none-eabi-gcc.exe -mcpu=cortex-m3 -mthumb -I.\APP -I.\BSP -I.\BSP\OS\uCOS-III -I.\uC-CPU -I.\uC-CPU\ARM-Cortex-M3\GNU -I.\uC-LIB -I.\uCOS-III\Source -I.\uCOS-III\Ports\ARM-Cortex-M3\Generic\GNU -I.\uCOS-III\Lib\ARM-Cortex-M3\PSoC_GNU -I. -IGenerated_Source\PSoC5 -Wa,-alh=.\CortexM3\ARM_GCC_541\Debug/os_sem.lst -g -D DEBUG -D CY_CORE_ID=0 -Wall -ffunction-sections -ffat-lto-objects -Og -c uCOS-III\Source\os_sem.c -o .\CortexM3\ARM_GCC_541\Debug\os_sem.o
arm-none-eabi-gcc.exe -mcpu=cortex-m3 -mthumb -I.\APP -I.\BSP -I.\BSP\OS\uCOS-III -I.\uC-CPU -I.\uC-CPU\ARM-Cortex-M3\GNU -I.\uC-LIB -I.\uCOS-III\Source -I.\uCOS-III\Ports\ARM-Cortex-M3\Generic\GNU -I.\uCOS-III\Lib\ARM-Cortex-M3\PSoC_GNU -I. -IGenerated_Source\PSoC5 -Wa,-alh=.\CortexM3\ARM_GCC_541\Debug/os_stat.lst -g -D DEBUG -D CY_CORE_ID=0 -Wall -ffunction-sections -ffat-lto-objects -Og -c uCOS-III\Source\os_stat.c -o .\CortexM3\ARM_GCC_541\Debug\os_stat.o
arm-none-eabi-gcc.exe -mcpu=cortex-m3 -mthumb -I.\APP -I.\BSP -I.\BSP\OS\uCOS-III -I.\uC-CPU -I.\uC-CPU\ARM-Cortex-M3\GNU -I.\uC-LIB -I.\uCOS-III\Source -I.\uCOS-III\Ports\ARM-Cortex-M3\Generic\GNU -I.\uCOS-III\Lib\ARM-Cortex-M3\PSoC_GNU -I. -IGenerated_Source\PSoC5 -Wa,-alh=.\CortexM3\ARM_GCC_541\Debug/os_task.lst -g -D DEBUG -D CY_CORE_ID=0 -Wall -ffunction-sections -ffat-lto-objects -Og -c uCOS-III\Source\os_task.c -o .\CortexM3\ARM_GCC_541\Debug\os_task.o
arm-none-eabi-gcc.exe -mcpu=cortex-m3 -mthumb -I.\APP -I.\BSP -I.\BSP\OS\uCOS-III -I.\uC-CPU -I.\uC-CPU\ARM-Cortex-M3\GNU -I.\uC-LIB -I.\uCOS-III\Source -I.\uCOS-III\Ports\ARM-Cortex-M3\Generic\GNU -I.\uCOS-III\Lib\ARM-Cortex-M3\PSoC_GNU -I. -IGenerated_Source\PSoC5 -Wa,-alh=.\CortexM3\ARM_GCC_541\Debug/os_tick.lst -g -D DEBUG -D CY_CORE_ID=0 -Wall -ffunction-sections -ffat-lto-objects -Og -c uCOS-III\Source\os_tick.c -o .\CortexM3\ARM_GCC_541\Debug\os_tick.o
arm-none-eabi-gcc.exe -mcpu=cortex-m3 -mthumb -I.\APP -I.\BSP -I.\BSP\OS\uCOS-III -I.\uC-CPU -I.\uC-CPU\ARM-Cortex-M3\GNU -I.\uC-LIB -I.\uCOS-III\Source -I.\uCOS-III\Ports\ARM-Cortex-M3\Generic\GNU -I.\uCOS-III\Lib\ARM-Cortex-M3\PSoC_GNU -I. -IGenerated_Source\PSoC5 -Wa,-alh=.\CortexM3\ARM_GCC_541\Debug/os_time.lst -g -D DEBUG -D CY_CORE_ID=0 -Wall -ffunction-sections -ffat-lto-objects -Og -c uCOS-III\Source\os_time.c -o .\CortexM3\ARM_GCC_541\Debug\os_time.o
arm-none-eabi-gcc.exe -mcpu=cortex-m3 -mthumb -I.\APP -I.\BSP -I.\BSP\OS\uCOS-III -I.\uC-CPU -I.\uC-CPU\ARM-Cortex-M3\GNU -I.\uC-LIB -I.\uCOS-III\Source -I.\uCOS-III\Ports\ARM-Cortex-M3\Generic\GNU -I.\uCOS-III\Lib\ARM-Cortex-M3\PSoC_GNU -I. -IGenerated_Source\PSoC5 -Wa,-alh=.\CortexM3\ARM_GCC_541\Debug/os_tmr.lst -g -D DEBUG -D CY_CORE_ID=0 -Wall -ffunction-sections -ffat-lto-objects -Og -c uCOS-III\Source\os_tmr.c -o .\CortexM3\ARM_GCC_541\Debug\os_tmr.o
arm-none-eabi-gcc.exe -mcpu=cortex-m3 -mthumb -I.\APP -I.\BSP -I.\BSP\OS\uCOS-III -I.\uC-CPU -I.\uC-CPU\ARM-Cortex-M3\GNU -I.\uC-LIB -I.\uCOS-III\Source -I.\uCOS-III\Ports\ARM-Cortex-M3\Generic\GNU -I.\uCOS-III\Lib\ARM-Cortex-M3\PSoC_GNU -I. -IGenerated_Source\PSoC5 -Wa,-alh=.\CortexM3\ARM_GCC_541\Debug/os_var.lst -g -D DEBUG -D CY_CORE_ID=0 -Wall -ffunction-sections -ffat-lto-objects -Og -c uCOS-III\Source\os_var.c -o .\CortexM3\ARM_GCC_541\Debug\os_var.o
arm-none-eabi-gcc.exe -mcpu=cortex-m3 -mthumb -I.\APP -I.\BSP -I.\BSP\OS\uCOS-III -I.\uC-CPU -I.\uC-CPU\ARM-Cortex-M3\GNU -I.\uC-LIB -I.\uCOS-III\Source -I.\uCOS-III\Ports\ARM-Cortex-M3\Generic\GNU -I.\uCOS-III\Lib\ARM-Cortex-M3\PSoC_GNU -I. -IGenerated_Source\PSoC5 -Wa,-alh=.\CortexM3\ARM_GCC_541\Debug/os_cfg_app.lst -g -D DEBUG -D CY_CORE_ID=0 -Wall -ffunction-sections -ffat-lto-objects -Og -c uCOS-III\Source\os_cfg_app.c -o .\CortexM3\ARM_GCC_541\Debug\os_cfg_app.o
arm-none-eabi-gcc.exe -mcpu=cortex-m3 -mthumb -I.\APP -I.\BSP -I.\BSP\OS\uCOS-III -I.\uC-CPU -I.\uC-CPU\ARM-Cortex-M3\GNU -I.\uC-LIB -I.\uCOS-III\Source -I.\uCOS-III\Ports\ARM-Cortex-M3\Generic\GNU -I.\uCOS-III\Lib\ARM-Cortex-M3\PSoC_GNU -I. -IGenerated_Source\PSoC5 -Wa,-alh=.\CortexM3\ARM_GCC_541\Debug/os_core.lst -g -D DEBUG -D CY_CORE_ID=0 -Wall -ffunction-sections -ffat-lto-objects -Og -c uCOS-III\Source\os_core.c -o .\CortexM3\ARM_GCC_541\Debug\os_core.o
arm-none-eabi-gcc.exe -mcpu=cortex-m3 -mthumb -I.\APP -I.\BSP -I.\BSP\OS\uCOS-III -I.\uC-CPU -I.\uC-CPU\ARM-Cortex-M3\GNU -I.\uC-LIB -I.\uCOS-III\Source -I.\uCOS-III\Ports\ARM-Cortex-M3\Generic\GNU -I.\uCOS-III\Lib\ARM-Cortex-M3\PSoC_GNU -I. -IGenerated_Source\PSoC5 -Wa,-alh=.\CortexM3\ARM_GCC_541\Debug/os_dbg.lst -g -D DEBUG -D CY_CORE_ID=0 -Wall -ffunction-sections -ffat-lto-objects -Og -c uCOS-III\Source\os_dbg.c -o .\CortexM3\ARM_GCC_541\Debug\os_dbg.o
arm-none-eabi-gcc.exe -mcpu=cortex-m3 -mthumb -I.\APP -I.\BSP -I.\BSP\OS\uCOS-III -I.\uC-CPU -I.\uC-CPU\ARM-Cortex-M3\GNU -I.\uC-LIB -I.\uCOS-III\Source -I.\uCOS-III\Ports\ARM-Cortex-M3\Generic\GNU -I.\uCOS-III\Lib\ARM-Cortex-M3\PSoC_GNU -I. -IGenerated_Source\PSoC5 -Wa,-alh=.\CortexM3\ARM_GCC_541\Debug/os_flag.lst -g -D DEBUG -D CY_CORE_ID=0 -Wall -ffunction-sections -ffat-lto-objects -Og -c uCOS-III\Source\os_flag.c -o .\CortexM3\ARM_GCC_541\Debug\os_flag.o
arm-none-eabi-gcc.exe -mcpu=cortex-m3 -mthumb -I.\APP -I.\BSP -I.\BSP\OS\uCOS-III -I.\uC-CPU -I.\uC-CPU\ARM-Cortex-M3\GNU -I.\uC-LIB -I.\uCOS-III\Source -I.\uCOS-III\Ports\ARM-Cortex-M3\Generic\GNU -I.\uCOS-III\Lib\ARM-Cortex-M3\PSoC_GNU -I. -IGenerated_Source\PSoC5 -Wa,-alh=.\CortexM3\ARM_GCC_541\Debug/os_int.lst -g -D DEBUG -D CY_CORE_ID=0 -Wall -ffunction-sections -ffat-lto-objects -Og -c uCOS-III\Source\os_int.c -o .\CortexM3\ARM_GCC_541\Debug\os_int.o
arm-none-eabi-gcc.exe -mcpu=cortex-m3 -mthumb -I.\APP -I.\BSP -I.\BSP\OS\uCOS-III -I.\uC-CPU -I.\uC-CPU\ARM-Cortex-M3\GNU -I.\uC-LIB -I.\uCOS-III\Source -I.\uCOS-III\Ports\ARM-Cortex-M3\Generic\GNU -I.\uCOS-III\Lib\ARM-Cortex-M3\PSoC_GNU -I. -IGenerated_Source\PSoC5 -Wa,-alh=.\CortexM3\ARM_GCC_541\Debug/os_mem.lst -g -D DEBUG -D CY_CORE_ID=0 -Wall -ffunction-sections -ffat-lto-objects -Og -c uCOS-III\Source\os_mem.c -o .\CortexM3\ARM_GCC_541\Debug\os_mem.o
arm-none-eabi-gcc.exe -mcpu=cortex-m3 -mthumb -I.\APP -I.\BSP -I.\BSP\OS\uCOS-III -I.\uC-CPU -I.\uC-CPU\ARM-Cortex-M3\GNU -I.\uC-LIB -I.\uCOS-III\Source -I.\uCOS-III\Ports\ARM-Cortex-M3\Generic\GNU -I.\uCOS-III\Lib\ARM-Cortex-M3\PSoC_GNU -I. -IGenerated_Source\PSoC5 -Wa,-alh=.\CortexM3\ARM_GCC_541\Debug/os_msg.lst -g -D DEBUG -D CY_CORE_ID=0 -Wall -ffunction-sections -ffat-lto-objects -Og -c uCOS-III\Source\os_msg.c -o .\CortexM3\ARM_GCC_541\Debug\os_msg.o
arm-none-eabi-gcc.exe -mcpu=cortex-m3 -mthumb -I.\APP -I.\BSP -I.\BSP\OS\uCOS-III -I.\uC-CPU -I.\uC-CPU\ARM-Cortex-M3\GNU -I.\uC-LIB -I.\uCOS-III\Source -I.\uCOS-III\Ports\ARM-Cortex-M3\Generic\GNU -I.\uCOS-III\Lib\ARM-Cortex-M3\PSoC_GNU -I. -IGenerated_Source\PSoC5 -Wa,-alh=.\CortexM3\ARM_GCC_541\Debug/os_mutex.lst -g -D DEBUG -D CY_CORE_ID=0 -Wall -ffunction-sections -ffat-lto-objects -Og -c uCOS-III\Source\os_mutex.c -o .\CortexM3\ARM_GCC_541\Debug\os_mutex.o
arm-none-eabi-gcc.exe -mcpu=cortex-m3 -mthumb -I.\APP -I.\BSP -I.\BSP\OS\uCOS-III -I.\uC-CPU -I.\uC-CPU\ARM-Cortex-M3\GNU -I.\uC-LIB -I.\uCOS-III\Source -I.\uCOS-III\Ports\ARM-Cortex-M3\Generic\GNU -I.\uCOS-III\Lib\ARM-Cortex-M3\PSoC_GNU -I. -IGenerated_Source\PSoC5 -Wa,-alh=.\CortexM3\ARM_GCC_541\Debug/cyfitter_cfg.lst -g -D DEBUG -D CY_CORE_ID=0 -Wall -ffunction-sections -ffat-lto-objects -Og -c Generated_Source\PSoC5\cyfitter_cfg.c -o .\CortexM3\ARM_GCC_541\Debug\cyfitter_cfg.o
arm-none-eabi-gcc.exe -mcpu=cortex-m3 -mthumb -I.\APP -I.\BSP -I.\BSP\OS\uCOS-III -I.\uC-CPU -I.\uC-CPU\ARM-Cortex-M3\GNU -I.\uC-LIB -I.\uCOS-III\Source -I.\uCOS-III\Ports\ARM-Cortex-M3\Generic\GNU -I.\uCOS-III\Lib\ARM-Cortex-M3\PSoC_GNU -I. -IGenerated_Source\PSoC5 -Wa,-alh=.\CortexM3\ARM_GCC_541\Debug/cymetadata.lst -g -D DEBUG -D CY_CORE_ID=0 -Wall -ffunction-sections -ffat-lto-objects -Og -c Generated_Source\PSoC5\cymetadata.c -o .\CortexM3\ARM_GCC_541\Debug\cymetadata.o
arm-none-eabi-gcc.exe -mcpu=cortex-m3 -mthumb -I.\APP -I.\BSP -I.\BSP\OS\uCOS-III -I.\uC-CPU -I.\uC-CPU\ARM-Cortex-M3\GNU -I.\uC-LIB -I.\uCOS-III\Source -I.\uCOS-III\Ports\ARM-Cortex-M3\Generic\GNU -I.\uCOS-III\Lib\ARM-Cortex-M3\PSoC_GNU -I. -IGenerated_Source\PSoC5 -Wa,-alh=.\CortexM3\ARM_GCC_541\Debug/UART_1.lst -g -D DEBUG -D CY_CORE_ID=0 -Wall -ffunction-sections -ffat-lto-objects -Og -c Generated_Source\PSoC5\UART_1.c -o .\CortexM3\ARM_GCC_541\Debug\UART_1.o
arm-none-eabi-gcc.exe -mcpu=cortex-m3 -mthumb -I.\APP -I.\BSP -I.\BSP\OS\uCOS-III -I.\uC-CPU -I.\uC-CPU\ARM-Cortex-M3\GNU -I.\uC-LIB -I.\uCOS-III\Source -I.\uCOS-III\Ports\ARM-Cortex-M3\Generic\GNU -I.\uCOS-III\Lib\ARM-Cortex-M3\PSoC_GNU -I. -IGenerated_Source\PSoC5 -Wa,-alh=.\CortexM3\ARM_GCC_541\Debug/UART_1_PM.lst -g -D DEBUG -D CY_CORE_ID=0 -Wall -ffunction-sections -ffat-lto-objects -Og -c Generated_Source\PSoC5\UART_1_PM.c -o .\CortexM3\ARM_GCC_541\Debug\UART_1_PM.o
arm-none-eabi-gcc.exe -mcpu=cortex-m3 -mthumb -I.\APP -I.\BSP -I.\BSP\OS\uCOS-III -I.\uC-CPU -I.\uC-CPU\ARM-Cortex-M3\GNU -I.\uC-LIB -I.\uCOS-III\Source -I.\uCOS-III\Ports\ARM-Cortex-M3\Generic\GNU -I.\uCOS-III\Lib\ARM-Cortex-M3\PSoC_GNU -I. -IGenerated_Source\PSoC5 -Wa,-alh=.\CortexM3\ARM_GCC_541\Debug/UART_1_INT.lst -g -D DEBUG -D CY_CORE_ID=0 -Wall -ffunction-sections -ffat-lto-objects -Og -c Generated_Source\PSoC5\UART_1_INT.c -o .\CortexM3\ARM_GCC_541\Debug\UART_1_INT.o
arm-none-eabi-gcc.exe -mcpu=cortex-m3 -mthumb -I.\APP -I.\BSP -I.\BSP\OS\uCOS-III -I.\uC-CPU -I.\uC-CPU\ARM-Cortex-M3\GNU -I.\uC-LIB -I.\uCOS-III\Source -I.\uCOS-III\Ports\ARM-Cortex-M3\Generic\GNU -I.\uCOS-III\Lib\ARM-Cortex-M3\PSoC_GNU -I. -IGenerated_Source\PSoC5 -Wa,-alh=.\CortexM3\ARM_GCC_541\Debug/UART_1_BOOT.lst -g -D DEBUG -D CY_CORE_ID=0 -Wall -ffunction-sections -ffat-lto-objects -Og -c Generated_Source\PSoC5\UART_1_BOOT.c -o .\CortexM3\ARM_GCC_541\Debug\UART_1_BOOT.o
arm-none-eabi-gcc.exe -mcpu=cortex-m3 -mthumb -I.\APP -I.\BSP -I.\BSP\OS\uCOS-III -I.\uC-CPU -I.\uC-CPU\ARM-Cortex-M3\GNU -I.\uC-LIB -I.\uCOS-III\Source -I.\uCOS-III\Ports\ARM-Cortex-M3\Generic\GNU -I.\uCOS-III\Lib\ARM-Cortex-M3\PSoC_GNU -I. -IGenerated_Source\PSoC5 -Wa,-alh=.\CortexM3\ARM_GCC_541\Debug/Pin_1.lst -g -D DEBUG -D CY_CORE_ID=0 -Wall -ffunction-sections -ffat-lto-objects -Og -c Generated_Source\PSoC5\Pin_1.c -o .\CortexM3\ARM_GCC_541\Debug\Pin_1.o
arm-none-eabi-gcc.exe -mcpu=cortex-m3 -mthumb -I.\APP -I.\BSP -I.\BSP\OS\uCOS-III -I.\uC-CPU -I.\uC-CPU\ARM-Cortex-M3\GNU -I.\uC-LIB -I.\uCOS-III\Source -I.\uCOS-III\Ports\ARM-Cortex-M3\Generic\GNU -I.\uCOS-III\Lib\ARM-Cortex-M3\PSoC_GNU -I. -IGenerated_Source\PSoC5 -Wa,-alh=.\CortexM3\ARM_GCC_541\Debug/UART_1_IntClock.lst -g -D DEBUG -D CY_CORE_ID=0 -Wall -ffunction-sections -ffat-lto-objects -Og -c Generated_Source\PSoC5\UART_1_IntClock.c -o .\CortexM3\ARM_GCC_541\Debug\UART_1_IntClock.o
arm-none-eabi-gcc.exe -mcpu=cortex-m3 -mthumb -I.\APP -I.\BSP -I.\BSP\OS\uCOS-III -I.\uC-CPU -I.\uC-CPU\ARM-Cortex-M3\GNU -I.\uC-LIB -I.\uCOS-III\Source -I.\uCOS-III\Ports\ARM-Cortex-M3\Generic\GNU -I.\uCOS-III\Lib\ARM-Cortex-M3\PSoC_GNU -I. -IGenerated_Source\PSoC5 -Wa,-alh=.\CortexM3\ARM_GCC_541\Debug/cy_em_eeprom.lst -g -D DEBUG -D CY_CORE_ID=0 -Wall -ffunction-sections -ffat-lto-objects -Og -c Generated_Source\PSoC5\cy_em_eeprom.c -o .\CortexM3\ARM_GCC_541\Debug\cy_em_eeprom.o
arm-none-eabi-gcc.exe -mcpu=cortex-m3 -mthumb -I.\APP -I.\BSP -I.\BSP\OS\uCOS-III -I.\uC-CPU -I.\uC-CPU\ARM-Cortex-M3\GNU -I.\uC-LIB -I.\uCOS-III\Source -I.\uCOS-III\Ports\ARM-Cortex-M3\Generic\GNU -I.\uCOS-III\Lib\ARM-Cortex-M3\PSoC_GNU -I. -IGenerated_Source\PSoC5 -Wa,-alh=.\CortexM3\ARM_GCC_541\Debug/Cm3Start.lst -g -D DEBUG -D CY_CORE_ID=0 -Wall -ffunction-sections -ffat-lto-objects -Og -c Generated_Source\PSoC5\Cm3Start.c -o .\CortexM3\ARM_GCC_541\Debug\Cm3Start.o
arm-none-eabi-gcc.exe -mcpu=cortex-m3 -mthumb -I.\APP -I.\BSP -I.\BSP\OS\uCOS-III -I.\uC-CPU -I.\uC-CPU\ARM-Cortex-M3\GNU -I.\uC-LIB -I.\uCOS-III\Source -I.\uCOS-III\Ports\ARM-Cortex-M3\Generic\GNU -I.\uCOS-III\Lib\ARM-Cortex-M3\PSoC_GNU -I. -IGenerated_Source\PSoC5 -Wa,-alh=.\CortexM3\ARM_GCC_541\Debug/CyDmac.lst -g -D DEBUG -D CY_CORE_ID=0 -Wall -ffunction-sections -ffat-lto-objects -Og -c Generated_Source\PSoC5\CyDmac.c -o .\CortexM3\ARM_GCC_541\Debug\CyDmac.o
arm-none-eabi-gcc.exe -mcpu=cortex-m3 -mthumb -I.\APP -I.\BSP -I.\BSP\OS\uCOS-III -I.\uC-CPU -I.\uC-CPU\ARM-Cortex-M3\GNU -I.\uC-LIB -I.\uCOS-III\Source -I.\uCOS-III\Ports\ARM-Cortex-M3\Generic\GNU -I.\uCOS-III\Lib\ARM-Cortex-M3\PSoC_GNU -I. -IGenerated_Source\PSoC5 -Wa,-alh=.\CortexM3\ARM_GCC_541\Debug/CyFlash.lst -g -D DEBUG -D CY_CORE_ID=0 -Wall -ffunction-sections -ffat-lto-objects -Og -c Generated_Source\PSoC5\CyFlash.c -o .\CortexM3\ARM_GCC_541\Debug\CyFlash.o
arm-none-eabi-gcc.exe -mcpu=cortex-m3 -mthumb -I.\APP -I.\BSP -I.\BSP\OS\uCOS-III -I.\uC-CPU -I.\uC-CPU\ARM-Cortex-M3\GNU -I.\uC-LIB -I.\uCOS-III\Source -I.\uCOS-III\Ports\ARM-Cortex-M3\Generic\GNU -I.\uCOS-III\Lib\ARM-Cortex-M3\PSoC_GNU -I. -IGenerated_Source\PSoC5 -Wa,-alh=.\CortexM3\ARM_GCC_541\Debug/CyLib.lst -g -D DEBUG -D CY_CORE_ID=0 -Wall -ffunction-sections -ffat-lto-objects -Og -c Generated_Source\PSoC5\CyLib.c -o .\CortexM3\ARM_GCC_541\Debug\CyLib.o
arm-none-eabi-gcc.exe -mcpu=cortex-m3 -mthumb -I.\APP -I.\BSP -I.\BSP\OS\uCOS-III -I.\uC-CPU -I.\uC-CPU\ARM-Cortex-M3\GNU -I.\uC-LIB -I.\uCOS-III\Source -I.\uCOS-III\Ports\ARM-Cortex-M3\Generic\GNU -I.\uCOS-III\Lib\ARM-Cortex-M3\PSoC_GNU -I. -IGenerated_Source\PSoC5 -Wa,-alh=.\CortexM3\ARM_GCC_541\Debug/cyPm.lst -g -D DEBUG -D CY_CORE_ID=0 -Wall -ffunction-sections -ffat-lto-objects -Og -c Generated_Source\PSoC5\cyPm.c -o .\CortexM3\ARM_GCC_541\Debug\cyPm.o
arm-none-eabi-gcc.exe -mcpu=cortex-m3 -mthumb -I.\APP -I.\BSP -I.\BSP\OS\uCOS-III -I.\uC-CPU -I.\uC-CPU\ARM-Cortex-M3\GNU -I.\uC-LIB -I.\uCOS-III\Source -I.\uCOS-III\Ports\ARM-Cortex-M3\Generic\GNU -I.\uCOS-III\Lib\ARM-Cortex-M3\PSoC_GNU -I. -IGenerated_Source\PSoC5 -Wa,-alh=.\CortexM3\ARM_GCC_541\Debug/CySpc.lst -g -D DEBUG -D CY_CORE_ID=0 -Wall -ffunction-sections -ffat-lto-objects -Og -c Generated_Source\PSoC5\CySpc.c -o .\CortexM3\ARM_GCC_541\Debug\CySpc.o
arm-none-eabi-gcc.exe -mcpu=cortex-m3 -mthumb -I.\APP -I.\BSP -I.\BSP\OS\uCOS-III -I.\uC-CPU -I.\uC-CPU\ARM-Cortex-M3\GNU -I.\uC-LIB -I.\uCOS-III\Source -I.\uCOS-III\Ports\ARM-Cortex-M3\Generic\GNU -I.\uCOS-III\Lib\ARM-Cortex-M3\PSoC_GNU -I. -IGenerated_Source\PSoC5 -Wa,-alh=.\CortexM3\ARM_GCC_541\Debug/cyutils.lst -g -D DEBUG -D CY_CORE_ID=0 -Wall -ffunction-sections -ffat-lto-objects -Og -c Generated_Source\PSoC5\cyutils.c -o .\CortexM3\ARM_GCC_541\Debug\cyutils.o
arm-none-eabi-gcc.exe -mcpu=cortex-m3 -mthumb -I.\APP -I.\BSP -I.\BSP\OS\uCOS-III -I.\uC-CPU -I.\uC-CPU\ARM-Cortex-M3\GNU -I.\uC-LIB -I.\uCOS-III\Source -I.\uCOS-III\Ports\ARM-Cortex-M3\Generic\GNU -I.\uCOS-III\Lib\ARM-Cortex-M3\PSoC_GNU -I. -IGenerated_Source\PSoC5 -Wa,-alh=.\CortexM3\ARM_GCC_541\Debug/MISO_1.lst -g -D DEBUG -D CY_CORE_ID=0 -Wall -ffunction-sections -ffat-lto-objects -Og -c Generated_Source\PSoC5\MISO_1.c -o .\CortexM3\ARM_GCC_541\Debug\MISO_1.o
arm-none-eabi-gcc.exe -mcpu=cortex-m3 -mthumb -I.\APP -I.\BSP -I.\BSP\OS\uCOS-III -I.\uC-CPU -I.\uC-CPU\ARM-Cortex-M3\GNU -I.\uC-LIB -I.\uCOS-III\Source -I.\uCOS-III\Ports\ARM-Cortex-M3\Generic\GNU -I.\uCOS-III\Lib\ARM-Cortex-M3\PSoC_GNU -I. -IGenerated_Source\PSoC5 -Wa,-alh=.\CortexM3\ARM_GCC_541\Debug/MOSI_1.lst -g -D DEBUG -D CY_CORE_ID=0 -Wall -ffunction-sections -ffat-lto-objects -Og -c Generated_Source\PSoC5\MOSI_1.c -o .\CortexM3\ARM_GCC_541\Debug\MOSI_1.o
arm-none-eabi-gcc.exe -mcpu=cortex-m3 -mthumb -I.\APP -I.\BSP -I.\BSP\OS\uCOS-III -I.\uC-CPU -I.\uC-CPU\ARM-Cortex-M3\GNU -I.\uC-LIB -I.\uCOS-III\Source -I.\uCOS-III\Ports\ARM-Cortex-M3\Generic\GNU -I.\uCOS-III\Lib\ARM-Cortex-M3\PSoC_GNU -I. -IGenerated_Source\PSoC5 -Wa,-alh=.\CortexM3\ARM_GCC_541\Debug/SCLK_1.lst -g -D DEBUG -D CY_CORE_ID=0 -Wall -ffunction-sections -ffat-lto-objects -Og -c Generated_Source\PSoC5\SCLK_1.c -o .\CortexM3\ARM_GCC_541\Debug\SCLK_1.o
arm-none-eabi-gcc.exe -mcpu=cortex-m3 -mthumb -I.\APP -I.\BSP -I.\BSP\OS\uCOS-III -I.\uC-CPU -I.\uC-CPU\ARM-Cortex-M3\GNU -I.\uC-LIB -I.\uCOS-III\Source -I.\uCOS-III\Ports\ARM-Cortex-M3\Generic\GNU -I.\uCOS-III\Lib\ARM-Cortex-M3\PSoC_GNU -I. -IGenerated_Source\PSoC5 -Wa,-alh=.\CortexM3\ARM_GCC_541\Debug/SPIM_1.lst -g -D DEBUG -D CY_CORE_ID=0 -Wall -ffunction-sections -ffat-lto-objects -Og -c Generated_Source\PSoC5\SPIM_1.c -o .\CortexM3\ARM_GCC_541\Debug\SPIM_1.o
arm-none-eabi-gcc.exe -mcpu=cortex-m3 -mthumb -I.\APP -I.\BSP -I.\BSP\OS\uCOS-III -I.\uC-CPU -I.\uC-CPU\ARM-Cortex-M3\GNU -I.\uC-LIB -I.\uCOS-III\Source -I.\uCOS-III\Ports\ARM-Cortex-M3\Generic\GNU -I.\uCOS-III\Lib\ARM-Cortex-M3\PSoC_GNU -I. -IGenerated_Source\PSoC5 -Wa,-alh=.\CortexM3\ARM_GCC_541\Debug/SPIM_1_PM.lst -g -D DEBUG -D CY_CORE_ID=0 -Wall -ffunction-sections -ffat-lto-objects -Og -c Generated_Source\PSoC5\SPIM_1_PM.c -o .\CortexM3\ARM_GCC_541\Debug\SPIM_1_PM.o
arm-none-eabi-gcc.exe -mcpu=cortex-m3 -mthumb -I.\APP -I.\BSP -I.\BSP\OS\uCOS-III -I.\uC-CPU -I.\uC-CPU\ARM-Cortex-M3\GNU -I.\uC-LIB -I.\uCOS-III\Source -I.\uCOS-III\Ports\ARM-Cortex-M3\Generic\GNU -I.\uCOS-III\Lib\ARM-Cortex-M3\PSoC_GNU -I. -IGenerated_Source\PSoC5 -Wa,-alh=.\CortexM3\ARM_GCC_541\Debug/SPIM_1_INT.lst -g -D DEBUG -D CY_CORE_ID=0 -Wall -ffunction-sections -ffat-lto-objects -Og -c Generated_Source\PSoC5\SPIM_1_INT.c -o .\CortexM3\ARM_GCC_541\Debug\SPIM_1_INT.o
arm-none-eabi-gcc.exe -mcpu=cortex-m3 -mthumb -I.\APP -I.\BSP -I.\BSP\OS\uCOS-III -I.\uC-CPU -I.\uC-CPU\ARM-Cortex-M3\GNU -I.\uC-LIB -I.\uCOS-III\Source -I.\uCOS-III\Ports\ARM-Cortex-M3\Generic\GNU -I.\uCOS-III\Lib\ARM-Cortex-M3\PSoC_GNU -I. -IGenerated_Source\PSoC5 -Wa,-alh=.\CortexM3\ARM_GCC_541\Debug/CS_1.lst -g -D DEBUG -D CY_CORE_ID=0 -Wall -ffunction-sections -ffat-lto-objects -Og -c Generated_Source\PSoC5\CS_1.c -o .\CortexM3\ARM_GCC_541\Debug\CS_1.o
arm-none-eabi-gcc.exe -mcpu=cortex-m3 -mthumb -I.\APP -I.\BSP -I.\BSP\OS\uCOS-III -I.\uC-CPU -I.\uC-CPU\ARM-Cortex-M3\GNU -I.\uC-LIB -I.\uCOS-III\Source -I.\uCOS-III\Ports\ARM-Cortex-M3\Generic\GNU -I.\uCOS-III\Lib\ARM-Cortex-M3\PSoC_GNU -I. -IGenerated_Source\PSoC5 -Wa,-alh=.\CortexM3\ARM_GCC_541\Debug/SPIM_1_IntClock.lst -g -D DEBUG -D CY_CORE_ID=0 -Wall -ffunction-sections -ffat-lto-objects -Og -c Generated_Source\PSoC5\SPIM_1_IntClock.c -o .\CortexM3\ARM_GCC_541\Debug\SPIM_1_IntClock.o
arm-none-eabi-gcc.exe -mcpu=cortex-m3 -mthumb -I.\APP -I.\BSP -I.\BSP\OS\uCOS-III -I.\uC-CPU -I.\uC-CPU\ARM-Cortex-M3\GNU -I.\uC-LIB -I.\uCOS-III\Source -I.\uCOS-III\Ports\ARM-Cortex-M3\Generic\GNU -I.\uCOS-III\Lib\ARM-Cortex-M3\PSoC_GNU -I. -IGenerated_Source\PSoC5 -Wa,-alh=.\CortexM3\ARM_GCC_541\Debug/Pin_2.lst -g -D DEBUG -D CY_CORE_ID=0 -Wall -ffunction-sections -ffat-lto-objects -Og -c Generated_Source\PSoC5\Pin_2.c -o .\CortexM3\ARM_GCC_541\Debug\Pin_2.o
arm-none-eabi-gcc.exe -mcpu=cortex-m3 -mthumb -I.\APP -I.\BSP -I.\BSP\OS\uCOS-III -I.\uC-CPU -I.\uC-CPU\ARM-Cortex-M3\GNU -I.\uC-LIB -I.\uCOS-III\Source -I.\uCOS-III\Ports\ARM-Cortex-M3\Generic\GNU -I.\uCOS-III\Lib\ARM-Cortex-M3\PSoC_GNU -I. -IGenerated_Source\PSoC5 -Wa,-alh=.\CortexM3\ARM_GCC_541\Debug/push_button.lst -g -D DEBUG -D CY_CORE_ID=0 -Wall -ffunction-sections -ffat-lto-objects -Og -c Generated_Source\PSoC5\push_button.c -o .\CortexM3\ARM_GCC_541\Debug\push_button.o
arm-none-eabi-gcc.exe -mcpu=cortex-m3 -mthumb -I.\APP -I.\BSP -I.\BSP\OS\uCOS-III -I.\uC-CPU -I.\uC-CPU\ARM-Cortex-M3\GNU -I.\uC-LIB -I.\uCOS-III\Source -I.\uCOS-III\Ports\ARM-Cortex-M3\Generic\GNU -I.\uCOS-III\Lib\ARM-Cortex-M3\PSoC_GNU -I. -IGenerated_Source\PSoC5 -Wa,-alh=.\CortexM3\ARM_GCC_541\Debug/PWM_rgb_blue.lst -g -D DEBUG -D CY_CORE_ID=0 -Wall -ffunction-sections -ffat-lto-objects -Og -c Generated_Source\PSoC5\PWM_rgb_blue.c -o .\CortexM3\ARM_GCC_541\Debug\PWM_rgb_blue.o
arm-none-eabi-gcc.exe -mcpu=cortex-m3 -mthumb -I.\APP -I.\BSP -I.\BSP\OS\uCOS-III -I.\uC-CPU -I.\uC-CPU\ARM-Cortex-M3\GNU -I.\uC-LIB -I.\uCOS-III\Source -I.\uCOS-III\Ports\ARM-Cortex-M3\Generic\GNU -I.\uCOS-III\Lib\ARM-Cortex-M3\PSoC_GNU -I. -IGenerated_Source\PSoC5 -Wa,-alh=.\CortexM3\ARM_GCC_541\Debug/PWM_rgb_blue_PM.lst -g -D DEBUG -D CY_CORE_ID=0 -Wall -ffunction-sections -ffat-lto-objects -Og -c Generated_Source\PSoC5\PWM_rgb_blue_PM.c -o .\CortexM3\ARM_GCC_541\Debug\PWM_rgb_blue_PM.o
arm-none-eabi-gcc.exe -mcpu=cortex-m3 -mthumb -I.\APP -I.\BSP -I.\BSP\OS\uCOS-III -I.\uC-CPU -I.\uC-CPU\ARM-Cortex-M3\GNU -I.\uC-LIB -I.\uCOS-III\Source -I.\uCOS-III\Ports\ARM-Cortex-M3\Generic\GNU -I.\uCOS-III\Lib\ARM-Cortex-M3\PSoC_GNU -I. -IGenerated_Source\PSoC5 -Wa,-alh=.\CortexM3\ARM_GCC_541\Debug/PWM_rgb_green.lst -g -D DEBUG -D CY_CORE_ID=0 -Wall -ffunction-sections -ffat-lto-objects -Og -c Generated_Source\PSoC5\PWM_rgb_green.c -o .\CortexM3\ARM_GCC_541\Debug\PWM_rgb_green.o
arm-none-eabi-gcc.exe -mcpu=cortex-m3 -mthumb -I.\APP -I.\BSP -I.\BSP\OS\uCOS-III -I.\uC-CPU -I.\uC-CPU\ARM-Cortex-M3\GNU -I.\uC-LIB -I.\uCOS-III\Source -I.\uCOS-III\Ports\ARM-Cortex-M3\Generic\GNU -I.\uCOS-III\Lib\ARM-Cortex-M3\PSoC_GNU -I. -IGenerated_Source\PSoC5 -Wa,-alh=.\CortexM3\ARM_GCC_541\Debug/PWM_rgb_green_PM.lst -g -D DEBUG -D CY_CORE_ID=0 -Wall -ffunction-sections -ffat-lto-objects -Og -c Generated_Source\PSoC5\PWM_rgb_green_PM.c -o .\CortexM3\ARM_GCC_541\Debug\PWM_rgb_green_PM.o
arm-none-eabi-gcc.exe -mcpu=cortex-m3 -mthumb -I.\APP -I.\BSP -I.\BSP\OS\uCOS-III -I.\uC-CPU -I.\uC-CPU\ARM-Cortex-M3\GNU -I.\uC-LIB -I.\uCOS-III\Source -I.\uCOS-III\Ports\ARM-Cortex-M3\Generic\GNU -I.\uCOS-III\Lib\ARM-Cortex-M3\PSoC_GNU -I. -IGenerated_Source\PSoC5 -Wa,-alh=.\CortexM3\ARM_GCC_541\Debug/PWM_rgb_red.lst -g -D DEBUG -D CY_CORE_ID=0 -Wall -ffunction-sections -ffat-lto-objects -Og -c Generated_Source\PSoC5\PWM_rgb_red.c -o .\CortexM3\ARM_GCC_541\Debug\PWM_rgb_red.o
arm-none-eabi-gcc.exe -mcpu=cortex-m3 -mthumb -I.\APP -I.\BSP -I.\BSP\OS\uCOS-III -I.\uC-CPU -I.\uC-CPU\ARM-Cortex-M3\GNU -I.\uC-LIB -I.\uCOS-III\Source -I.\uCOS-III\Ports\ARM-Cortex-M3\Generic\GNU -I.\uCOS-III\Lib\ARM-Cortex-M3\PSoC_GNU -I. -IGenerated_Source\PSoC5 -Wa,-alh=.\CortexM3\ARM_GCC_541\Debug/PWM_rgb_red_PM.lst -g -D DEBUG -D CY_CORE_ID=0 -Wall -ffunction-sections -ffat-lto-objects -Og -c Generated_Source\PSoC5\PWM_rgb_red_PM.c -o .\CortexM3\ARM_GCC_541\Debug\PWM_rgb_red_PM.o
arm-none-eabi-gcc.exe -mcpu=cortex-m3 -mthumb -I.\APP -I.\BSP -I.\BSP\OS\uCOS-III -I.\uC-CPU -I.\uC-CPU\ARM-Cortex-M3\GNU -I.\uC-LIB -I.\uCOS-III\Source -I.\uCOS-III\Ports\ARM-Cortex-M3\Generic\GNU -I.\uCOS-III\Lib\ARM-Cortex-M3\PSoC_GNU -I. -IGenerated_Source\PSoC5 -Wa,-alh=.\CortexM3\ARM_GCC_541\Debug/Clock_1.lst -g -D DEBUG -D CY_CORE_ID=0 -Wall -ffunction-sections -ffat-lto-objects -Og -c Generated_Source\PSoC5\Clock_1.c -o .\CortexM3\ARM_GCC_541\Debug\Clock_1.o
arm-none-eabi-gcc.exe -mcpu=cortex-m3 -mthumb -I.\APP -I.\BSP -I.\BSP\OS\uCOS-III -I.\uC-CPU -I.\uC-CPU\ARM-Cortex-M3\GNU -I.\uC-LIB -I.\uCOS-III\Source -I.\uCOS-III\Ports\ARM-Cortex-M3\Generic\GNU -I.\uCOS-III\Lib\ARM-Cortex-M3\PSoC_GNU -I. -IGenerated_Source\PSoC5 -Wa,-alh=.\CortexM3\ARM_GCC_541\Debug/rgb_led_blue.lst -g -D DEBUG -D CY_CORE_ID=0 -Wall -ffunction-sections -ffat-lto-objects -Og -c Generated_Source\PSoC5\rgb_led_blue.c -o .\CortexM3\ARM_GCC_541\Debug\rgb_led_blue.o
arm-none-eabi-gcc.exe -mcpu=cortex-m3 -mthumb -I.\APP -I.\BSP -I.\BSP\OS\uCOS-III -I.\uC-CPU -I.\uC-CPU\ARM-Cortex-M3\GNU -I.\uC-LIB -I.\uCOS-III\Source -I.\uCOS-III\Ports\ARM-Cortex-M3\Generic\GNU -I.\uCOS-III\Lib\ARM-Cortex-M3\PSoC_GNU -I. -IGenerated_Source\PSoC5 -Wa,-alh=.\CortexM3\ARM_GCC_541\Debug/rgb_led_green.lst -g -D DEBUG -D CY_CORE_ID=0 -Wall -ffunction-sections -ffat-lto-objects -Og -c Generated_Source\PSoC5\rgb_led_green.c -o .\CortexM3\ARM_GCC_541\Debug\rgb_led_green.o
arm-none-eabi-gcc.exe -mcpu=cortex-m3 -mthumb -I.\APP -I.\BSP -I.\BSP\OS\uCOS-III -I.\uC-CPU -I.\uC-CPU\ARM-Cortex-M3\GNU -I.\uC-LIB -I.\uCOS-III\Source -I.\uCOS-III\Ports\ARM-Cortex-M3\Generic\GNU -I.\uCOS-III\Lib\ARM-Cortex-M3\PSoC_GNU -I. -IGenerated_Source\PSoC5 -Wa,-alh=.\CortexM3\ARM_GCC_541\Debug/rgb_led_red.lst -g -D DEBUG -D CY_CORE_ID=0 -Wall -ffunction-sections -ffat-lto-objects -Og -c Generated_Source\PSoC5\rgb_led_red.c -o .\CortexM3\ARM_GCC_541\Debug\rgb_led_red.o
arm-none-eabi-as.exe -mcpu=cortex-m3 -mthumb -I.\APP -I.\BSP -I.\BSP\OS\uCOS-III -I.\uC-CPU -I.\uC-CPU\ARM-Cortex-M3\GNU -I.\uC-LIB -I.\uCOS-III\Source -I.\uCOS-III\Ports\ARM-Cortex-M3\Generic\GNU -I.\uCOS-III\Lib\ARM-Cortex-M3\PSoC_GNU -I. -IGenerated_Source\PSoC5 -alh=.\CortexM3\ARM_GCC_541\Debug/cpu_a.lst -g -W -o .\CortexM3\ARM_GCC_541\Debug\cpu_a.o uC-CPU\ARM-Cortex-M3\GNU\cpu_a.s
arm-none-eabi-as.exe -mcpu=cortex-m3 -mthumb -I.\APP -I.\BSP -I.\BSP\OS\uCOS-III -I.\uC-CPU -I.\uC-CPU\ARM-Cortex-M3\GNU -I.\uC-LIB -I.\uCOS-III\Source -I.\uCOS-III\Ports\ARM-Cortex-M3\Generic\GNU -I.\uCOS-III\Lib\ARM-Cortex-M3\PSoC_GNU -I. -IGenerated_Source\PSoC5 -alh=.\CortexM3\ARM_GCC_541\Debug/os_cpu_a.lst -g -W -o .\CortexM3\ARM_GCC_541\Debug\os_cpu_a.o uCOS-III\Ports\ARM-Cortex-M3\Generic\GNU\os_cpu_a.s
arm-none-eabi-as.exe -mcpu=cortex-m3 -mthumb -I.\APP -I.\BSP -I.\BSP\OS\uCOS-III -I.\uC-CPU -I.\uC-CPU\ARM-Cortex-M3\GNU -I.\uC-LIB -I.\uCOS-III\Source -I.\uCOS-III\Ports\ARM-Cortex-M3\Generic\GNU -I.\uCOS-III\Lib\ARM-Cortex-M3\PSoC_GNU -I. -IGenerated_Source\PSoC5 -alh=.\CortexM3\ARM_GCC_541\Debug/CyBootAsmGnu.lst -g -W -o .\CortexM3\ARM_GCC_541\Debug\CyBootAsmGnu.o Generated_Source\PSoC5\CyBootAsmGnu.s
arm-none-eabi-ar.exe -rs .\CortexM3\ARM_GCC_541\Debug\esw_uCOS3_cykit.a .\CortexM3\ARM_GCC_541\Debug\UART_1.o .\CortexM3\ARM_GCC_541\Debug\UART_1_PM.o .\CortexM3\ARM_GCC_541\Debug\UART_1_INT.o .\CortexM3\ARM_GCC_541\Debug\UART_1_BOOT.o .\CortexM3\ARM_GCC_541\Debug\Pin_1.o .\CortexM3\ARM_GCC_541\Debug\UART_1_IntClock.o .\CortexM3\ARM_GCC_541\Debug\cy_em_eeprom.o .\CortexM3\ARM_GCC_541\Debug\CyDmac.o .\CortexM3\ARM_GCC_541\Debug\CyFlash.o .\CortexM3\ARM_GCC_541\Debug\CyLib.o .\CortexM3\ARM_GCC_541\Debug\cyPm.o .\CortexM3\ARM_GCC_541\Debug\CySpc.o .\CortexM3\ARM_GCC_541\Debug\cyutils.o .\CortexM3\ARM_GCC_541\Debug\MISO_1.o .\CortexM3\ARM_GCC_541\Debug\MOSI_1.o .\CortexM3\ARM_GCC_541\Debug\SCLK_1.o .\CortexM3\ARM_GCC_541\Debug\SPIM_1.o .\CortexM3\ARM_GCC_541\Debug\SPIM_1_PM.o .\CortexM3\ARM_GCC_541\Debug\SPIM_1_INT.o .\CortexM3\ARM_GCC_541\Debug\CS_1.o .\CortexM3\ARM_GCC_541\Debug\SPIM_1_IntClock.o .\CortexM3\ARM_GCC_541\Debug\Pin_2.o .\CortexM3\ARM_GCC_541\Debug\push_button.o .\CortexM3\ARM_GCC_541\Debug\PWM_rgb_blue.o .\CortexM3\ARM_GCC_541\Debug\PWM_rgb_blue_PM.o .\CortexM3\ARM_GCC_541\Debug\PWM_rgb_green.o .\CortexM3\ARM_GCC_541\Debug\PWM_rgb_green_PM.o .\CortexM3\ARM_GCC_541\Debug\PWM_rgb_red.o .\CortexM3\ARM_GCC_541\Debug\PWM_rgb_red_PM.o .\CortexM3\ARM_GCC_541\Debug\Clock_1.o .\CortexM3\ARM_GCC_541\Debug\rgb_led_blue.o .\CortexM3\ARM_GCC_541\Debug\rgb_led_green.o .\CortexM3\ARM_GCC_541\Debug\rgb_led_red.o .\CortexM3\ARM_GCC_541\Debug\CyBootAsmGnu.o
arm-none-eabi-ar.exe: creating .\CortexM3\ARM_GCC_541\Debug\esw_uCOS3_cykit.a
arm-none-eabi-gcc.exe -Wl,--start-group -o C:\Users\lukas\Desktop\FH\Master_WS2024\Software\esw_uCOS3_cykit.cydsn\CortexM3\ARM_GCC_541\Debug\esw_uCOS3_cykit.elf .\CortexM3\ARM_GCC_541\Debug\app.o .\CortexM3\ARM_GCC_541\Debug\os_app_hooks.o .\CortexM3\ARM_GCC_541\Debug\bsp_os.o .\CortexM3\ARM_GCC_541\Debug\bsp.o .\CortexM3\ARM_GCC_541\Debug\cpu_bsp.o .\CortexM3\ARM_GCC_541\Debug\bsp_uart.o .\CortexM3\ARM_GCC_541\Debug\bsp_gpio.o .\CortexM3\ARM_GCC_541\Debug\bsp_spi.o .\CortexM3\ARM_GCC_541\Debug\bsp_rgb_led.o .\CortexM3\ARM_GCC_541\Debug\bsp_pwm_led.o .\CortexM3\ARM_GCC_541\Debug\cpu_c.o .\CortexM3\ARM_GCC_541\Debug\cpu_core.o .\CortexM3\ARM_GCC_541\Debug\lib_math.o .\CortexM3\ARM_GCC_541\Debug\lib_mem.o .\CortexM3\ARM_GCC_541\Debug\lib_str.o .\CortexM3\ARM_GCC_541\Debug\lib_ascii.o .\CortexM3\ARM_GCC_541\Debug\os_cpu_c.o .\CortexM3\ARM_GCC_541\Debug\os_pend_multi.o .\CortexM3\ARM_GCC_541\Debug\os_prio.o .\CortexM3\ARM_GCC_541\Debug\os_q.o .\CortexM3\ARM_GCC_541\Debug\os_sem.o .\CortexM3\ARM_GCC_541\Debug\os_stat.o .\CortexM3\ARM_GCC_541\Debug\os_task.o .\CortexM3\ARM_GCC_541\Debug\os_tick.o .\CortexM3\ARM_GCC_541\Debug\os_time.o .\CortexM3\ARM_GCC_541\Debug\os_tmr.o .\CortexM3\ARM_GCC_541\Debug\os_var.o .\CortexM3\ARM_GCC_541\Debug\os_cfg_app.o .\CortexM3\ARM_GCC_541\Debug\os_core.o .\CortexM3\ARM_GCC_541\Debug\os_dbg.o .\CortexM3\ARM_GCC_541\Debug\os_flag.o .\CortexM3\ARM_GCC_541\Debug\os_int.o .\CortexM3\ARM_GCC_541\Debug\os_mem.o .\CortexM3\ARM_GCC_541\Debug\os_msg.o .\CortexM3\ARM_GCC_541\Debug\os_mutex.o .\CortexM3\ARM_GCC_541\Debug\cyfitter_cfg.o .\CortexM3\ARM_GCC_541\Debug\cymetadata.o .\CortexM3\ARM_GCC_541\Debug\Cm3Start.o .\CortexM3\ARM_GCC_541\Debug\cpu_a.o .\CortexM3\ARM_GCC_541\Debug\os_cpu_a.o .\CortexM3\ARM_GCC_541\Debug\esw_uCOS3_cykit.a "C:\Program Files (x86)\Cypress\PSoC Creator\4.4\PSoC Creator\psoc\content\cycomponentlibrary\CyComponentLibrary.cylib\CortexM3\ARM_GCC_541\Debug\CyComponentLibrary.a" -mcpu=cortex-m3 -mthumb -L Generated_Source\PSoC5 -Wl,-Map,.\CortexM3\ARM_GCC_541\Debug/esw_uCOS3_cykit.map -T Generated_Source\PSoC5\cm3gcc.ld -specs=nano.specs -Wl,--gc-sections -g -ffunction-sections -Og -ffat-lto-objects -Wl,--end-group
cyelftool.exe -C C:\Users\lukas\Desktop\FH\Master_WS2024\Software\esw_uCOS3_cykit.cydsn\CortexM3\ARM_GCC_541\Debug\esw_uCOS3_cykit.elf --flash_row_size 256 --flash_size 262144 --flash_offset 0x00000000
No ELF section .cychecksum found, creating one
Application checksum calculated and stored in ELF section .cychecksum
Checksum calculated and stored in ELF section .cymeta
cyelftool.exe -S C:\Users\lukas\Desktop\FH\Master_WS2024\Software\esw_uCOS3_cykit.cydsn\CortexM3\ARM_GCC_541\Debug\esw_uCOS3_cykit.elf
Flash used: 14774 of 262144 bytes (5.6%).
SRAM used: 11849 of 65536 bytes (18.1%). Stack: 2048 bytes. Heap: 128 bytes.
--------------- Rebuild Succeeded: 10/06/2024 16:27:45 ---------------
